2023-11-16 12:43:53 DEBUG Log4jExample:8 - DEBUG!
2023-11-16 12:43:53 INFO  Log4jExample:9 - INFO!!
2023-11-16 12:43:53 WARN  Log4jExample:10 - WARNING!!!
2023-11-16 12:43:53 FATAL Log4jExample:11 - FATAL!!!!
2023-11-16 14:10:10 DEBUG Log4jExample:8 - DEBUG!
2023-11-16 14:10:10 INFO  Log4jExample:9 - INFO!!
2023-11-16 14:10:10 WARN  Log4jExample:10 - WARNING!!!
2023-11-16 14:10:10 FATAL Log4jExample:11 - FATAL!!!!
2023-11-17 10:13:24 DEBUG Store:135 - DEBUG!
2023-11-17 10:13:24 INFO  Store:136 - INFO!!
2023-11-17 10:13:24 WARN  Store:137 - WARNING!!!
2023-11-17 10:13:24 FATAL Store:138 - FATAL!!!!
2023-11-17 10:19:41 INFO  Store:133 - INFO!!
2023-11-17 10:58:29 INFO  Store:71 - INFO!!
2023-11-17 10:58:29 INFO  Store:71 - INFO!!
2023-11-17 10:58:29 INFO  Store:71 - INFO!!
2023-11-17 10:58:30 INFO  Store:71 - INFO!!
2023-11-17 10:58:30 INFO  Store:71 - INFO!!
2023-11-17 10:58:30 INFO  Store:71 - INFO!!
2023-11-17 10:58:38 INFO  Store:133 - INFO!!
2023-11-17 10:59:17 INFO  Store:71 - INFO!!
2023-11-17 10:59:17 INFO  Store:71 - INFO!!
2023-11-17 10:59:17 INFO  Store:71 - INFO!!
2023-11-17 10:59:18 INFO  Store:71 - INFO!!
2023-11-17 10:59:18 INFO  Store:71 - INFO!!
2023-11-17 10:59:18 INFO  Store:71 - INFO!!
2023-11-17 10:59:28 INFO  Store:133 - INFO!!
2023-11-17 11:04:14 INFO  Store:71 - INFO!!
2023-11-17 11:04:14 INFO  Store:71 - INFO!!
2023-11-17 11:04:14 INFO  Store:71 - INFO!!
2023-11-17 11:04:15 INFO  Store:71 - INFO!!
2023-11-17 11:04:15 INFO  Store:71 - INFO!!
2023-11-17 11:04:15 INFO  Store:71 - INFO!!
2023-11-17 11:04:27 INFO  Store:133 - INFO!!
2023-11-17 11:04:52 INFO  Store:133 - INFO!!
2023-11-17 11:06:32 DEBUG Log4jExample:8 - DEBUG!
2023-11-17 11:06:32 INFO  Log4jExample:9 - INFO!!
2023-11-17 11:06:32 WARN  Log4jExample:10 - WARNING!!!
2023-11-17 11:06:32 FATAL Log4jExample:11 - FATAL!!!!
