2023-11-16 12:43:53 DEBUG Log4jExample:8 - DEBUG!
2023-11-16 12:43:53 INFO  Log4jExample:9 - INFO!!
2023-11-16 12:43:53 WARN  Log4jExample:10 - WARNING!!!
2023-11-16 12:43:53 FATAL Log4jExample:11 - FATAL!!!!
2023-11-16 14:10:10 DEBUG Log4jExample:8 - DEBUG!
2023-11-16 14:10:10 INFO  Log4jExample:9 - INFO!!
2023-11-16 14:10:10 WARN  Log4jExample:10 - WARNING!!!
2023-11-16 14:10:10 FATAL Log4jExample:11 - FATAL!!!!
2023-11-17 10:13:24 DEBUG Store:135 - DEBUG!
2023-11-17 10:13:24 INFO  Store:136 - INFO!!
2023-11-17 10:13:24 WARN  Store:137 - WARNING!!!
2023-11-17 10:13:24 FATAL Store:138 - FATAL!!!!
2023-11-17 10:19:41 INFO  Store:133 - INFO!!
2023-11-17 10:58:29 INFO  Store:71 - INFO!!
2023-11-17 10:58:29 INFO  Store:71 - INFO!!
2023-11-17 10:58:29 INFO  Store:71 - INFO!!
2023-11-17 10:58:30 INFO  Store:71 - INFO!!
2023-11-17 10:58:30 INFO  Store:71 - INFO!!
2023-11-17 10:58:30 INFO  Store:71 - INFO!!
2023-11-17 10:58:38 INFO  Store:133 - INFO!!
2023-11-17 10:59:17 INFO  Store:71 - INFO!!
2023-11-17 10:59:17 INFO  Store:71 - INFO!!
2023-11-17 10:59:17 INFO  Store:71 - INFO!!
2023-11-17 10:59:18 INFO  Store:71 - INFO!!
2023-11-17 10:59:18 INFO  Store:71 - INFO!!
2023-11-17 10:59:18 INFO  Store:71 - INFO!!
2023-11-17 10:59:28 INFO  Store:133 - INFO!!
2023-11-17 11:04:14 INFO  Store:71 - INFO!!
2023-11-17 11:04:14 INFO  Store:71 - INFO!!
2023-11-17 11:04:14 INFO  Store:71 - INFO!!
2023-11-17 11:04:15 INFO  Store:71 - INFO!!
2023-11-17 11:04:15 INFO  Store:71 - INFO!!
2023-11-17 11:04:15 INFO  Store:71 - INFO!!
2023-11-17 11:04:27 INFO  Store:133 - INFO!!
2023-11-17 11:04:52 INFO  Store:133 - INFO!!
2023-11-17 11:06:32 DEBUG Log4jExample:8 - DEBUG!
2023-11-17 11:06:32 INFO  Log4jExample:9 - INFO!!
2023-11-17 11:06:32 WARN  Log4jExample:10 - WARNING!!!
2023-11-17 11:06:32 FATAL Log4jExample:11 - FATAL!!!!
2023-11-26 10:44:10 INFO  Store:71 - INFO!!
2023-11-26 10:44:10 INFO  Store:71 - INFO!!
2023-11-26 10:44:10 INFO  Store:71 - INFO!!
2023-11-26 10:44:10 INFO  Store:71 - INFO!!
2023-11-26 10:44:10 INFO  Store:71 - INFO!!
2023-11-26 10:44:10 INFO  Store:71 - INFO!!
2023-11-27 12:01:27 INFO  Store:71 - INFO!!
2023-11-27 12:01:27 INFO  Store:71 - INFO!!
2023-11-27 12:01:27 INFO  Store:71 - INFO!!
2023-11-27 12:01:27 INFO  Store:71 - INFO!!
2023-11-27 12:03:06 INFO  Store:71 - INFO!!
2023-11-27 12:03:06 INFO  Store:71 - INFO!!
2023-11-27 12:03:06 INFO  Store:71 - INFO!!
2023-11-27 12:03:06 INFO  Store:71 - INFO!!
2023-11-27 12:03:36 INFO  Store:71 - INFO!!
2023-11-27 12:03:36 INFO  Store:71 - INFO!!
2023-11-27 12:03:36 INFO  Store:71 - INFO!!
2023-11-27 12:03:36 INFO  Store:71 - INFO!!
2023-11-27 12:04:49 INFO  Store:71 - INFO!!
2023-11-27 12:04:49 INFO  Store:71 - INFO!!
2023-11-27 12:04:49 INFO  Store:71 - INFO!!
2023-11-27 12:04:49 INFO  Store:71 - INFO!!
2023-11-27 12:05:25 INFO  Store:71 - INFO!!
2023-11-27 12:05:25 INFO  Store:71 - INFO!!
2023-11-27 12:05:25 INFO  Store:71 - INFO!!
2023-11-27 12:05:25 INFO  Store:71 - INFO!!
2023-11-27 12:08:07 INFO  Store:71 - INFO!!
2023-11-27 12:08:07 INFO  Store:71 - INFO!!
2023-11-27 12:08:07 INFO  Store:71 - INFO!!
2023-11-27 12:08:07 INFO  Store:71 - INFO!!
2023-11-27 12:09:09 INFO  Store:71 - INFO!!
2023-11-27 12:09:09 INFO  Store:71 - INFO!!
2023-11-27 12:09:09 INFO  Store:71 - INFO!!
2023-11-27 12:09:09 INFO  Store:71 - INFO!!
2023-11-27 13:09:54 INFO  Store:70 - INFO!!
2023-11-27 13:09:54 INFO  Store:70 - INFO!!
2023-11-27 13:09:54 INFO  Store:70 - INFO!!
2023-11-27 13:09:54 INFO  Store:70 - INFO!!
2023-11-27 13:10:51 INFO  Store:70 - INFO!!
2023-11-27 13:10:51 INFO  Store:70 - INFO!!
2023-11-27 13:10:51 INFO  Store:70 - INFO!!
2023-11-27 13:10:51 INFO  Store:70 - INFO!!
2023-11-27 13:11:36 INFO  Store:70 - INFO!!
2023-11-27 13:11:36 INFO  Store:70 - INFO!!
2023-11-27 13:11:36 INFO  Store:70 - INFO!!
2023-11-27 13:11:36 INFO  Store:70 - INFO!!
2023-11-27 14:12:51 INFO  Store:70 - INFO!!
2023-11-27 14:12:51 INFO  Store:70 - INFO!!
2023-11-27 14:12:51 INFO  Store:70 - INFO!!
2023-11-27 14:12:51 INFO  Store:70 - INFO!!
2023-11-27 14:12:51 INFO  Store:70 - INFO!!
2023-11-27 14:13:32 INFO  Store:70 - INFO!!
2023-11-27 14:13:32 INFO  Store:70 - INFO!!
2023-11-27 14:13:32 INFO  Store:70 - INFO!!
2023-11-27 14:13:32 INFO  Store:70 - INFO!!
2023-11-27 14:13:32 INFO  Store:70 - INFO!!
2023-11-27 14:15:11 INFO  Store:70 - INFO!!
2023-11-27 14:15:11 INFO  Store:70 - INFO!!
2023-11-27 14:15:11 INFO  Store:70 - INFO!!
2023-11-27 14:15:11 INFO  Store:70 - INFO!!
2023-11-27 14:15:11 INFO  Store:70 - INFO!!
2023-11-27 14:15:38 INFO  Store:70 - INFO!!
2023-11-27 14:15:38 INFO  Store:70 - INFO!!
2023-11-27 14:15:38 INFO  Store:70 - INFO!!
2023-11-27 14:15:38 INFO  Store:70 - INFO!!
2023-11-27 14:15:38 INFO  Store:70 - INFO!!
2023-11-27 14:17:43 INFO  Store:70 - INFO!!
2023-11-27 14:17:43 INFO  Store:70 - INFO!!
2023-11-27 14:17:43 INFO  Store:70 - INFO!!
2023-11-27 14:17:43 INFO  Store:70 - INFO!!
2023-11-27 14:17:43 INFO  Store:70 - INFO!!
2023-11-27 14:17:44 INFO  Store:70 - INFO!!
2023-11-27 14:17:44 INFO  Store:70 - INFO!!
2023-11-27 14:17:44 INFO  Store:70 - INFO!!
2023-11-27 14:17:44 INFO  Store:70 - INFO!!
2023-11-27 14:17:59 INFO  Store:70 - INFO!!
2023-11-27 14:17:59 INFO  Store:70 - INFO!!
2023-11-27 14:17:59 INFO  Store:70 - INFO!!
2023-11-27 14:17:59 INFO  Store:70 - INFO!!
2023-11-27 14:17:59 INFO  Store:70 - INFO!!
2023-11-27 14:18:03 INFO  Store:70 - INFO!!
2023-11-27 14:18:03 INFO  Store:70 - INFO!!
2023-11-27 14:18:03 INFO  Store:70 - INFO!!
2023-11-27 14:18:03 INFO  Store:70 - INFO!!
2023-11-27 14:19:55 INFO  Store:70 - INFO!!
2023-11-27 14:19:55 INFO  Store:70 - INFO!!
2023-11-27 14:19:55 INFO  Store:70 - INFO!!
2023-11-27 14:19:55 INFO  Store:70 - INFO!!
2023-11-27 14:19:55 INFO  Store:70 - INFO!!
2023-11-27 14:20:25 INFO  Store:70 - INFO!!
2023-11-27 14:20:25 INFO  Store:70 - INFO!!
2023-11-27 14:20:25 INFO  Store:70 - INFO!!
2023-11-27 14:20:25 INFO  Store:70 - INFO!!
2023-11-27 14:20:25 INFO  Store:70 - INFO!!
2023-11-27 14:20:44 INFO  Store:70 - INFO!!
2023-11-27 14:20:44 INFO  Store:70 - INFO!!
2023-11-27 14:20:44 INFO  Store:70 - INFO!!
2023-11-27 14:20:44 INFO  Store:70 - INFO!!
2023-11-27 14:20:44 INFO  Store:70 - INFO!!
2023-11-27 14:33:29 INFO  Store:70 - INFO!!
2023-11-27 14:33:29 INFO  Store:70 - INFO!!
2023-11-27 14:33:29 INFO  Store:70 - INFO!!
2023-11-27 14:33:29 INFO  Store:70 - INFO!!
2023-11-27 14:33:29 INFO  Store:70 - INFO!!
2023-11-27 14:33:31 INFO  Store:70 - INFO!!
2023-11-27 14:33:31 INFO  Store:70 - INFO!!
2023-11-27 14:33:31 INFO  Store:70 - INFO!!
2023-11-27 14:33:31 INFO  Store:70 - INFO!!
2023-11-27 14:52:16 INFO  Store:70 - INFO!!
2023-11-27 14:52:16 INFO  Store:70 - INFO!!
2023-11-27 14:52:16 INFO  Store:70 - INFO!!
2023-11-27 14:52:16 INFO  Store:70 - INFO!!
2023-11-27 14:52:16 INFO  Store:70 - INFO!!
2023-11-27 14:52:16 INFO  Store:70 - INFO!!
2023-11-27 14:52:42 INFO  Store:70 - INFO!!
2023-11-27 14:52:42 INFO  Store:70 - INFO!!
2023-11-27 14:52:42 INFO  Store:70 - INFO!!
2023-11-27 14:52:42 INFO  Store:70 - INFO!!
2023-11-27 14:52:42 INFO  Store:70 - INFO!!
2023-11-27 14:52:42 INFO  Store:70 - INFO!!
2023-11-27 14:53:11 INFO  Store:70 - INFO!!
2023-11-27 14:53:11 INFO  Store:70 - INFO!!
2023-11-27 14:53:11 INFO  Store:70 - INFO!!
2023-11-27 14:53:11 INFO  Store:70 - INFO!!
2023-11-27 14:53:11 INFO  Store:70 - INFO!!
2023-11-27 14:53:11 INFO  Store:70 - INFO!!
2023-11-27 15:12:45 INFO  Store:70 - INFO!!
2023-11-27 15:12:45 INFO  Store:70 - INFO!!
2023-11-27 15:12:45 INFO  Store:70 - INFO!!
2023-11-27 15:12:45 INFO  Store:70 - INFO!!
2023-11-27 15:12:45 INFO  Store:70 - INFO!!
2023-11-27 15:12:45 INFO  Store:70 - INFO!!
2023-11-27 15:15:14 INFO  Store:70 - INFO!!
2023-11-27 15:15:14 INFO  Store:70 - INFO!!
2023-11-27 15:15:14 INFO  Store:70 - INFO!!
2023-11-27 15:15:14 INFO  Store:70 - INFO!!
2023-11-27 15:15:14 INFO  Store:70 - INFO!!
2023-11-27 15:15:14 INFO  Store:70 - INFO!!
2023-11-27 15:37:32 INFO  Store:70 - INFO!!
2023-11-27 15:37:32 INFO  Store:70 - INFO!!
2023-11-27 15:37:32 INFO  Store:70 - INFO!!
2023-11-27 15:37:32 INFO  Store:70 - INFO!!
2023-11-27 15:37:32 INFO  Store:70 - INFO!!
2023-11-27 15:37:32 INFO  Store:70 - INFO!!
2023-11-27 15:43:52 INFO  Store:70 - INFO!!
2023-11-27 15:43:52 INFO  Store:70 - INFO!!
2023-11-27 15:43:52 INFO  Store:70 - INFO!!
2023-11-27 15:43:52 INFO  Store:70 - INFO!!
2023-11-27 15:43:52 INFO  Store:70 - INFO!!
2023-11-27 15:43:52 INFO  Store:70 - INFO!!
2023-11-27 15:43:55 INFO  Store:70 - INFO!!
2023-11-27 15:43:55 INFO  Store:70 - INFO!!
2023-11-27 15:43:55 INFO  Store:70 - INFO!!
2023-11-27 15:43:55 INFO  Store:70 - INFO!!
2023-11-28 13:05:53 INFO  Store:70 - INFO!!
2023-11-28 13:05:53 INFO  Store:70 - INFO!!
2023-11-28 13:05:53 INFO  Store:70 - INFO!!
2023-11-28 13:05:53 INFO  Store:70 - INFO!!
2023-11-28 13:05:53 INFO  Store:70 - INFO!!
2023-11-28 13:05:53 INFO  Store:70 - INFO!!
2023-11-28 13:06:56 INFO  Store:70 - INFO!!
2023-11-28 13:06:56 INFO  Store:70 - INFO!!
2023-11-28 13:06:56 INFO  Store:70 - INFO!!
2023-11-28 13:06:56 INFO  Store:70 - INFO!!
2023-11-28 13:06:56 INFO  Store:70 - INFO!!
2023-11-28 13:06:56 INFO  Store:70 - INFO!!
2023-11-28 13:23:18 INFO  Store:70 - INFO!!
2023-11-28 13:23:18 INFO  Store:70 - INFO!!
2023-11-28 13:23:18 INFO  Store:70 - INFO!!
2023-11-28 13:23:18 INFO  Store:70 - INFO!!
2023-11-28 13:23:18 INFO  Store:70 - INFO!!
2023-11-28 13:23:18 INFO  Store:70 - INFO!!
2023-11-28 13:24:29 INFO  Store:70 - INFO!!
2023-11-28 13:24:29 INFO  Store:70 - INFO!!
2023-11-28 13:24:29 INFO  Store:70 - INFO!!
2023-11-28 13:24:29 INFO  Store:70 - INFO!!
2023-11-28 13:24:29 INFO  Store:70 - INFO!!
2023-11-28 13:24:29 INFO  Store:70 - INFO!!
2023-11-28 13:34:28 INFO  Store:70 - INFO!!
2023-11-28 13:34:28 INFO  Store:70 - INFO!!
2023-11-28 13:34:28 INFO  Store:70 - INFO!!
2023-11-28 13:34:28 INFO  Store:70 - INFO!!
2023-11-28 13:34:28 INFO  Store:70 - INFO!!
2023-11-28 13:34:28 INFO  Store:70 - INFO!!
2023-11-28 13:38:39 INFO  Store:70 - INFO!!
2023-11-28 13:38:39 INFO  Store:70 - INFO!!
2023-11-28 13:38:39 INFO  Store:70 - INFO!!
2023-11-28 13:38:39 INFO  Store:70 - INFO!!
2023-11-28 13:38:39 INFO  Store:70 - INFO!!
2023-11-28 13:38:39 INFO  Store:70 - INFO!!
2023-11-28 13:38:42 INFO  Store:70 - INFO!!
2023-11-28 13:38:42 INFO  Store:70 - INFO!!
2023-11-28 13:38:42 INFO  Store:70 - INFO!!
2023-11-28 13:38:42 INFO  Store:70 - INFO!!
2023-11-28 13:42:31 INFO  Store:70 - INFO!!
2023-11-28 13:42:31 INFO  Store:70 - INFO!!
2023-11-28 13:42:31 INFO  Store:70 - INFO!!
2023-11-28 13:42:31 INFO  Store:70 - INFO!!
2023-11-28 13:42:31 INFO  Store:70 - INFO!!
2023-11-28 13:42:31 INFO  Store:70 - INFO!!
2023-11-28 13:42:33 INFO  Store:70 - INFO!!
2023-11-28 13:42:33 INFO  Store:70 - INFO!!
2023-11-28 13:42:33 INFO  Store:70 - INFO!!
2023-11-28 13:42:33 INFO  Store:70 - INFO!!
2023-11-28 13:52:26 INFO  Store:70 - INFO!!
2023-11-28 13:52:26 INFO  Store:70 - INFO!!
2023-11-28 13:52:26 INFO  Store:70 - INFO!!
2023-11-28 13:52:26 INFO  Store:118 - INFO!!
2023-11-28 13:52:26 INFO  Store:118 - INFO!!
2023-11-28 13:52:26 INFO  Store:70 - INFO!!
2023-11-28 13:52:26 INFO  Store:70 - INFO!!
2023-11-28 13:52:26 INFO  Store:70 - INFO!!
2023-11-28 13:52:29 INFO  Store:70 - INFO!!
2023-11-28 13:52:29 INFO  Store:70 - INFO!!
2023-11-28 13:52:29 INFO  Store:70 - INFO!!
2023-11-28 13:52:29 INFO  Store:70 - INFO!!
2023-11-28 13:58:44 INFO  Store:70 - INFO!!
2023-11-28 13:58:44 INFO  Store:70 - INFO!!
2023-11-28 13:58:44 INFO  Store:70 - INFO!!
2023-11-28 13:58:44 INFO  Store:118 - INFO!!
2023-11-28 13:58:44 INFO  Store:118 - INFO!!
2023-11-28 13:58:44 INFO  Store:70 - INFO!!
2023-11-28 13:58:44 INFO  Store:70 - INFO!!
2023-11-28 13:58:44 INFO  Store:70 - INFO!!
2023-11-28 14:00:01 INFO  Store:70 - INFO!!
2023-11-28 14:00:01 INFO  Store:70 - INFO!!
2023-11-28 14:00:01 INFO  Store:70 - INFO!!
2023-11-28 14:00:01 INFO  Store:118 - INFO!!
2023-11-28 14:00:01 INFO  Store:118 - INFO!!
2023-11-28 14:00:01 INFO  Store:70 - INFO!!
2023-11-28 14:00:01 INFO  Store:70 - INFO!!
2023-11-28 14:00:01 INFO  Store:70 - INFO!!
2023-11-28 14:00:58 INFO  Store:70 - INFO!!
2023-11-28 14:00:58 INFO  Store:70 - INFO!!
2023-11-28 14:00:58 INFO  Store:70 - INFO!!
2023-11-28 14:00:58 INFO  Store:121 - INFO!!
2023-11-28 14:00:58 INFO  Store:121 - INFO!!
2023-11-28 14:00:58 INFO  Store:70 - INFO!!
2023-11-28 14:00:58 INFO  Store:70 - INFO!!
2023-11-28 14:00:58 INFO  Store:70 - INFO!!
2023-11-28 14:02:53 INFO  Store:70 - INFO!!
2023-11-28 14:02:53 INFO  Store:70 - INFO!!
2023-11-28 14:02:53 INFO  Store:70 - INFO!!
2023-11-28 14:02:53 INFO  Store:121 - INFO!!
2023-11-28 14:02:53 INFO  Store:70 - INFO!!
2023-11-28 14:02:53 INFO  Store:70 - INFO!!
2023-11-28 14:02:53 INFO  Store:70 - INFO!!
2023-11-28 14:05:50 INFO  Store:70 - INFO!!
2023-11-28 14:05:50 INFO  Store:70 - INFO!!
2023-11-28 14:05:50 INFO  Store:70 - INFO!!
2023-11-28 14:05:50 INFO  Store:122 - INFO!!
2023-11-28 14:05:50 INFO  Store:70 - INFO!!
2023-11-28 14:05:50 INFO  Store:70 - INFO!!
2023-11-28 14:05:50 INFO  Store:70 - INFO!!
2023-11-28 14:06:36 INFO  Store:70 - INFO!!
2023-11-28 14:06:36 INFO  Store:70 - INFO!!
2023-11-28 14:06:36 INFO  Store:70 - INFO!!
2023-11-28 14:06:36 INFO  Store:122 - INFO!!
2023-11-28 14:06:36 INFO  Store:70 - INFO!!
2023-11-28 14:06:36 INFO  Store:70 - INFO!!
2023-11-28 14:06:36 INFO  Store:70 - INFO!!
2023-11-28 14:07:09 INFO  Store:70 - INFO!!
2023-11-28 14:07:09 INFO  Store:70 - INFO!!
2023-11-28 14:07:09 INFO  Store:70 - INFO!!
2023-11-28 14:07:09 INFO  Store:122 - INFO!!
2023-11-28 14:07:09 INFO  Store:70 - INFO!!
2023-11-28 14:07:09 INFO  Store:70 - INFO!!
2023-11-28 14:07:09 INFO  Store:70 - INFO!!
2023-11-28 14:09:46 INFO  Store:122 - INFO!!
2023-11-28 14:09:46 INFO  Store:70 - INFO!!
2023-11-28 14:09:46 INFO  Store:70 - INFO!!
2023-11-28 14:09:46 INFO  Store:70 - INFO!!
2023-11-28 14:09:46 INFO  Store:70 - INFO!!
2023-11-28 14:09:46 INFO  Store:70 - INFO!!
2023-11-28 14:09:46 INFO  Store:70 - INFO!!
2023-11-28 14:11:37 INFO  Store:122 - INFO!!
2023-11-28 14:11:37 INFO  Store:70 - INFO!!
2023-11-28 14:11:37 INFO  Store:70 - INFO!!
2023-11-28 14:11:37 INFO  Store:70 - INFO!!
2023-11-28 14:11:37 INFO  Store:70 - INFO!!
2023-11-28 14:11:37 INFO  Store:70 - INFO!!
2023-11-28 14:11:37 INFO  Store:70 - INFO!!
2023-11-28 14:12:16 INFO  Store:122 - INFO!!
2023-11-28 14:13:18 INFO  Store:122 - INFO!!
2023-11-28 14:13:26 INFO  Store:122 - INFO!!
2023-11-28 14:15:36 INFO  Store:122 - INFO!!
2023-11-28 14:15:36 INFO  Store:70 - INFO!!
2023-11-28 14:15:36 INFO  Store:70 - INFO!!
2023-11-28 14:15:36 INFO  Store:70 - INFO!!
2023-11-28 14:15:36 INFO  Store:70 - INFO!!
2023-11-28 14:15:36 INFO  Store:70 - INFO!!
2023-11-28 14:15:36 INFO  Store:70 - INFO!!
2023-11-28 14:15:52 INFO  Store:122 - INFO!!
2023-11-28 14:15:57 INFO  Store:122 - INFO!!
2023-11-28 14:16:32 INFO  Store:122 - INFO!!
2023-11-28 14:16:34 INFO  Store:122 - INFO!!
2023-11-28 14:17:00 INFO  Store:122 - INFO!!
2023-11-28 14:18:43 INFO  Store:122 - INFO!!
2023-11-28 14:21:14 INFO  Store:122 - INFO!!
2023-11-28 14:21:50 INFO  Store:122 - INFO!!
2023-11-28 14:22:46 INFO  Store:122 - INFO!!
2023-11-28 14:23:46 INFO  Store:122 - INFO!!
2023-11-28 14:23:46 INFO  Store:70 - INFO!!
2023-11-28 14:23:46 INFO  Store:70 - INFO!!
2023-11-28 14:23:46 INFO  Store:70 - INFO!!
2023-11-28 14:23:46 INFO  Store:70 - INFO!!
2023-11-28 14:23:46 INFO  Store:70 - INFO!!
2023-11-28 14:23:46 INFO  Store:70 - INFO!!
2023-11-28 14:24:53 INFO  Store:122 - INFO!!
2023-11-28 14:24:53 INFO  Store:70 - INFO!!
2023-11-28 14:24:53 INFO  Store:70 - INFO!!
2023-11-28 14:24:53 INFO  Store:70 - INFO!!
2023-11-28 14:24:53 INFO  Store:70 - INFO!!
2023-11-28 14:24:53 INFO  Store:70 - INFO!!
2023-11-28 14:24:53 INFO  Store:70 - INFO!!
2023-11-28 14:25:14 INFO  Store:122 - INFO!!
2023-11-28 14:25:14 INFO  Store:70 - INFO!!
2023-11-28 14:25:14 INFO  Store:70 - INFO!!
2023-11-28 14:25:14 INFO  Store:70 - INFO!!
2023-11-28 14:25:14 INFO  Store:122 - INFO!!
2023-11-28 14:25:14 INFO  Store:70 - INFO!!
2023-11-28 14:25:14 INFO  Store:70 - INFO!!
2023-11-28 14:25:14 INFO  Store:70 - INFO!!
2023-11-28 14:25:57 INFO  Store:122 - INFO!!
2023-11-28 14:25:57 INFO  Store:70 - INFO!!
2023-11-28 14:25:57 INFO  Store:70 - INFO!!
2023-11-28 14:25:57 INFO  Store:70 - INFO!!
2023-11-28 14:25:57 INFO  Store:122 - INFO!!
2023-11-28 14:25:57 INFO  Store:70 - INFO!!
2023-11-28 14:25:57 INFO  Store:70 - INFO!!
2023-11-28 14:25:57 INFO  Store:70 - INFO!!
2023-11-28 14:47:02 INFO  Store:116 - INFO!!
2023-11-28 14:47:58 INFO  Store:116 - INFO!!
2023-11-28 14:48:31 INFO  Store:116 - INFO!!
2023-11-28 14:48:31 INFO  Store:70 - INFO!!
2023-11-28 14:48:31 INFO  Store:70 - INFO!!
2023-11-28 14:48:31 INFO  Store:70 - INFO!!
2023-11-28 14:48:31 INFO  Store:116 - INFO!!
2023-11-28 14:48:31 INFO  Store:70 - INFO!!
2023-11-28 14:48:31 INFO  Store:70 - INFO!!
2023-11-28 14:48:31 INFO  Store:70 - INFO!!
2023-11-28 14:51:24 INFO  Store:116 - INFO!!
2023-11-28 14:52:43 INFO  Store:116 - INFO!!
2023-11-28 14:52:43 INFO  Store:70 - INFO!!
2023-11-28 14:52:43 INFO  Store:70 - INFO!!
2023-11-28 14:52:43 INFO  Store:70 - INFO!!
2023-11-28 14:52:43 INFO  Store:116 - INFO!!
2023-11-28 14:52:43 INFO  Store:70 - INFO!!
2023-11-28 14:52:43 INFO  Store:70 - INFO!!
2023-11-28 14:52:43 INFO  Store:70 - INFO!!
2023-11-28 14:53:23 INFO  Store:116 - INFO!!
2023-11-28 14:53:23 INFO  Store:70 - INFO!!
2023-11-28 14:53:23 INFO  Store:70 - INFO!!
2023-11-28 14:53:23 INFO  Store:70 - INFO!!
2023-11-28 14:53:23 INFO  Store:116 - INFO!!
2023-11-28 14:53:23 INFO  Store:70 - INFO!!
2023-11-28 14:53:23 INFO  Store:70 - INFO!!
2023-11-28 14:53:23 INFO  Store:70 - INFO!!
2023-11-28 14:56:50 INFO  Store:116 - INFO!!
2023-11-28 14:56:50 INFO  Store:70 - INFO!!
2023-11-28 14:56:50 INFO  Store:70 - INFO!!
2023-11-28 14:56:50 INFO  Store:70 - INFO!!
2023-11-28 14:56:50 INFO  Store:116 - INFO!!
2023-11-28 14:56:50 INFO  Store:70 - INFO!!
2023-11-28 14:56:50 INFO  Store:70 - INFO!!
2023-11-28 14:56:50 INFO  Store:70 - INFO!!
2023-11-28 14:59:16 INFO  Store:116 - INFO!!
2023-11-28 14:59:16 INFO  Store:70 - INFO!!
2023-11-28 14:59:16 INFO  Store:70 - INFO!!
2023-11-28 14:59:16 INFO  Store:70 - INFO!!
2023-11-28 14:59:16 INFO  Store:116 - INFO!!
2023-11-28 14:59:16 INFO  Store:70 - INFO!!
2023-11-28 14:59:16 INFO  Store:70 - INFO!!
2023-11-28 14:59:16 INFO  Store:70 - INFO!!
2023-11-28 15:07:56 INFO  Store:116 - INFO!!
2023-11-28 15:07:56 INFO  Store:70 - INFO!!
2023-11-28 15:07:56 INFO  Store:70 - INFO!!
2023-11-28 15:07:56 INFO  Store:70 - INFO!!
2023-11-28 15:07:56 INFO  Store:116 - INFO!!
2023-11-28 15:07:56 INFO  Store:70 - INFO!!
2023-11-28 15:07:56 INFO  Store:70 - INFO!!
2023-11-28 15:07:56 INFO  Store:70 - INFO!!
2023-11-28 15:09:03 INFO  Store:117 - INFO!!
2023-11-28 15:09:43 INFO  Store:117 - INFO!!
2023-11-28 15:11:37 INFO  Store:115 - INFO!!
2023-11-28 15:11:37 INFO  Store:70 - INFO!!
2023-11-28 15:11:37 INFO  Store:70 - INFO!!
2023-11-28 15:11:37 INFO  Store:70 - INFO!!
2023-11-28 15:11:37 INFO  Store:115 - INFO!!
2023-11-28 15:11:37 INFO  Store:70 - INFO!!
2023-11-28 15:11:37 INFO  Store:70 - INFO!!
2023-11-28 15:11:37 INFO  Store:70 - INFO!!
2023-11-28 15:12:02 INFO  Store:115 - INFO!!
2023-11-28 15:12:02 INFO  Store:70 - INFO!!
2023-11-28 15:12:02 INFO  Store:70 - INFO!!
2023-11-28 15:12:02 INFO  Store:70 - INFO!!
2023-11-28 15:12:02 INFO  Store:115 - INFO!!
2023-11-28 15:12:02 INFO  Store:70 - INFO!!
2023-11-28 15:12:02 INFO  Store:70 - INFO!!
2023-11-28 15:12:02 INFO  Store:70 - INFO!!
2023-11-28 15:14:10 INFO  Store:115 - INFO!!
2023-11-28 15:14:10 INFO  Store:70 - INFO!!
2023-11-28 15:14:10 INFO  Store:70 - INFO!!
2023-11-28 15:14:10 INFO  Store:70 - INFO!!
2023-11-28 15:14:10 INFO  Store:115 - INFO!!
2023-11-28 15:14:10 INFO  Store:70 - INFO!!
2023-11-28 15:14:10 INFO  Store:70 - INFO!!
2023-11-28 15:14:11 INFO  Store:70 - INFO!!
2023-11-28 15:14:26 INFO  Store:115 - INFO!!
2023-11-28 15:14:26 INFO  Store:70 - INFO!!
2023-11-28 15:14:26 INFO  Store:70 - INFO!!
2023-11-28 15:14:26 INFO  Store:70 - INFO!!
2023-11-28 15:14:26 INFO  Store:115 - INFO!!
2023-11-28 15:14:26 INFO  Store:70 - INFO!!
2023-11-28 15:14:26 INFO  Store:70 - INFO!!
2023-11-28 15:14:26 INFO  Store:70 - INFO!!
2023-11-28 15:14:52 INFO  Store:115 - INFO!!
2023-11-28 15:14:52 INFO  Store:70 - INFO!!
2023-11-28 15:14:52 INFO  Store:70 - INFO!!
2023-11-28 15:14:52 INFO  Store:70 - INFO!!
2023-11-28 15:14:52 INFO  Store:115 - INFO!!
2023-11-28 15:14:52 INFO  Store:70 - INFO!!
2023-11-28 15:14:52 INFO  Store:70 - INFO!!
2023-11-28 15:14:52 INFO  Store:70 - INFO!!
2023-11-28 15:15:42 INFO  Store:115 - INFO!!
2023-11-28 15:15:42 INFO  Store:70 - INFO!!
2023-11-28 15:15:42 INFO  Store:70 - INFO!!
2023-11-28 15:15:42 INFO  Store:70 - INFO!!
2023-11-28 15:15:42 INFO  Store:115 - INFO!!
2023-11-28 15:15:42 INFO  Store:70 - INFO!!
2023-11-28 15:15:42 INFO  Store:70 - INFO!!
2023-11-28 15:15:42 INFO  Store:70 - INFO!!
2023-11-28 15:15:59 INFO  Store:115 - INFO!!
2023-11-28 15:15:59 INFO  Store:70 - INFO!!
2023-11-28 15:15:59 INFO  Store:70 - INFO!!
2023-11-28 15:15:59 INFO  Store:70 - INFO!!
2023-11-28 15:15:59 INFO  Store:115 - INFO!!
2023-11-28 15:15:59 INFO  Store:70 - INFO!!
2023-11-28 15:15:59 INFO  Store:70 - INFO!!
2023-11-28 15:15:59 INFO  Store:70 - INFO!!
2023-11-28 15:16:01 INFO  Store:70 - INFO!!
2023-11-28 15:16:01 INFO  Store:70 - INFO!!
2023-11-28 15:16:01 INFO  Store:70 - INFO!!
2023-11-28 15:16:01 INFO  Store:70 - INFO!!
2023-11-28 15:16:11 INFO  Store:115 - INFO!!
2023-11-28 15:16:11 INFO  Store:70 - INFO!!
2023-11-28 15:16:11 INFO  Store:70 - INFO!!
2023-11-28 15:16:11 INFO  Store:70 - INFO!!
2023-11-28 15:16:11 INFO  Store:115 - INFO!!
2023-11-28 15:16:11 INFO  Store:70 - INFO!!
2023-11-28 15:16:11 INFO  Store:70 - INFO!!
2023-11-28 15:16:11 INFO  Store:70 - INFO!!
2023-11-28 15:16:26 INFO  Store:115 - INFO!!
2023-11-28 15:16:26 INFO  Store:70 - INFO!!
2023-11-28 15:16:26 INFO  Store:70 - INFO!!
2023-11-28 15:16:26 INFO  Store:70 - INFO!!
2023-11-28 15:16:26 INFO  Store:115 - INFO!!
2023-11-28 15:16:26 INFO  Store:70 - INFO!!
2023-11-28 15:16:26 INFO  Store:70 - INFO!!
2023-11-28 15:16:26 INFO  Store:70 - INFO!!
2023-11-28 15:24:21 INFO  Store:115 - INFO!!
2023-11-28 15:24:21 INFO  Store:70 - INFO!!
2023-11-28 15:24:21 INFO  Store:70 - INFO!!
2023-11-28 15:24:21 INFO  Store:70 - INFO!!
2023-11-28 15:24:21 INFO  Store:115 - INFO!!
2023-11-28 15:24:21 INFO  Store:70 - INFO!!
2023-11-28 15:24:21 INFO  Store:70 - INFO!!
2023-11-28 15:24:21 INFO  Store:70 - INFO!!
2023-11-28 15:29:41 INFO  Store:115 - INFO!!
2023-11-28 15:29:41 INFO  Store:70 - INFO!!
2023-11-28 15:29:41 INFO  Store:70 - INFO!!
2023-11-28 15:29:41 INFO  Store:70 - INFO!!
2023-11-28 15:29:41 INFO  Store:115 - INFO!!
2023-11-28 15:29:41 INFO  Store:70 - INFO!!
2023-11-28 15:29:41 INFO  Store:70 - INFO!!
2023-11-28 15:29:41 INFO  Store:70 - INFO!!
2023-11-28 15:32:45 INFO  Store:115 - INFO!!
2023-11-28 15:32:45 INFO  Store:70 - INFO!!
2023-11-28 15:32:45 INFO  Store:70 - INFO!!
2023-11-28 15:32:45 INFO  Store:70 - INFO!!
2023-11-28 15:32:45 INFO  Store:115 - INFO!!
2023-11-28 15:32:45 INFO  Store:70 - INFO!!
2023-11-28 15:32:45 INFO  Store:70 - INFO!!
2023-11-28 15:32:45 INFO  Store:70 - INFO!!
2023-11-28 15:34:49 INFO  Store:115 - INFO!!
2023-11-28 15:34:49 INFO  Store:70 - INFO!!
2023-11-28 15:34:49 INFO  Store:70 - INFO!!
2023-11-28 15:34:49 INFO  Store:70 - INFO!!
2023-11-28 15:34:49 INFO  Store:115 - INFO!!
2023-11-28 15:34:49 INFO  Store:70 - INFO!!
2023-11-28 15:34:49 INFO  Store:70 - INFO!!
2023-11-28 15:34:49 INFO  Store:70 - INFO!!
2023-11-28 15:39:56 INFO  Store:115 - INFO!!
2023-11-28 15:39:56 INFO  Store:70 - INFO!!
2023-11-28 15:39:56 INFO  Store:70 - INFO!!
2023-11-28 15:39:56 INFO  Store:70 - INFO!!
2023-11-28 15:39:56 INFO  Store:115 - INFO!!
2023-11-28 15:39:56 INFO  Store:70 - INFO!!
2023-11-28 15:39:56 INFO  Store:70 - INFO!!
2023-11-28 15:39:56 INFO  Store:70 - INFO!!
2023-11-28 15:40:18 INFO  Store:115 - INFO!!
2023-11-28 15:40:18 INFO  Store:70 - INFO!!
2023-11-28 15:40:18 INFO  Store:70 - INFO!!
2023-11-28 15:40:18 INFO  Store:70 - INFO!!
2023-11-28 15:40:18 INFO  Store:115 - INFO!!
2023-11-28 15:40:18 INFO  Store:70 - INFO!!
2023-11-28 15:40:18 INFO  Store:70 - INFO!!
2023-11-28 15:40:18 INFO  Store:70 - INFO!!
2023-11-28 15:44:23 INFO  Store:115 - INFO!!
2023-11-28 15:44:23 INFO  Store:70 - INFO!!
2023-11-28 15:44:23 INFO  Store:70 - INFO!!
2023-11-28 15:44:23 INFO  Store:70 - INFO!!
2023-11-28 15:44:23 INFO  Store:115 - INFO!!
2023-11-28 15:44:23 INFO  Store:70 - INFO!!
2023-11-28 15:44:23 INFO  Store:70 - INFO!!
2023-11-28 15:44:23 INFO  Store:70 - INFO!!
2023-11-28 15:47:39 INFO  Store:115 - INFO!!
2023-11-28 15:47:39 INFO  Store:70 - INFO!!
2023-11-28 15:47:39 INFO  Store:70 - INFO!!
2023-11-28 15:47:39 INFO  Store:70 - INFO!!
2023-11-28 15:47:39 INFO  Store:115 - INFO!!
2023-11-28 15:47:39 INFO  Store:70 - INFO!!
2023-11-28 15:47:39 INFO  Store:70 - INFO!!
2023-11-28 15:47:39 INFO  Store:70 - INFO!!
2023-11-28 15:47:52 INFO  Store:115 - INFO!!
2023-11-28 15:47:52 INFO  Store:70 - INFO!!
2023-11-28 15:47:52 INFO  Store:70 - INFO!!
2023-11-28 15:47:52 INFO  Store:70 - INFO!!
2023-11-28 15:47:52 INFO  Store:115 - INFO!!
2023-11-28 15:47:52 INFO  Store:70 - INFO!!
2023-11-28 15:47:52 INFO  Store:70 - INFO!!
2023-11-28 15:47:52 INFO  Store:70 - INFO!!
2023-11-28 15:48:07 INFO  Store:115 - INFO!!
2023-11-28 15:48:07 INFO  Store:70 - INFO!!
2023-11-28 15:48:07 INFO  Store:70 - INFO!!
2023-11-28 15:48:07 INFO  Store:70 - INFO!!
2023-11-28 15:48:07 INFO  Store:115 - INFO!!
2023-11-28 15:48:07 INFO  Store:70 - INFO!!
2023-11-28 15:48:07 INFO  Store:70 - INFO!!
2023-11-28 15:48:07 INFO  Store:70 - INFO!!
2023-11-28 15:49:35 INFO  Store:115 - INFO!!
2023-11-28 15:49:35 INFO  Store:70 - INFO!!
2023-11-28 15:49:35 INFO  Store:70 - INFO!!
2023-11-28 15:49:35 INFO  Store:70 - INFO!!
2023-11-28 15:49:35 INFO  Store:115 - INFO!!
2023-11-28 15:49:35 INFO  Store:70 - INFO!!
2023-11-28 15:49:35 INFO  Store:70 - INFO!!
2023-11-28 15:49:35 INFO  Store:70 - INFO!!
2023-11-28 15:53:22 INFO  Store:115 - INFO!!
